# JRE version: Java(TM) SE Runtime Environment (21.0.6+8) (build 21.0.6+8-LTS-188)
# Java VM: Java HotSpot(TM) 64-Bit Server VM (21.0.6+8-LTS-188, mixed mode, sharing, tiered, compressed oops, compressed class ptrs, g1 gc, windows-amd64)
GC Precious Log:
 CardTable entry size: 512
 Card Set container configuration: InlinePtr #cards 5 size 8 Array Of Cards #cards 12 size 40 Howl #buckets 4 coarsen threshold 1843 Howl Bitmap #cards 512 size 80 coarsen threshold 460 Card regions per heap region 1 cards per card region 2048
 CPUs: 4 total, 4 available
 Memory: 3863M
 Large Page Support: Disabled
 NUMA Support: Disabled
 Compressed Oops: Enabled (32-bit)
 Heap Region Size: 1M
 Heap Min Capacity: 8M
 Heap Initial Capacity: 62M
 Heap Max Capacity: 966M
 Pre-touch: Disabled
 Parallel Workers: 4
 Concurrent Workers: 1
 Concurrent Refinement Workers: 4
 Periodic GC: Disabled
Heap:
 garbage-first heap   total 51200K, used 33957K [0x00000000c3a00000, 0x0000000100000000)
  region size 1024K, 12 young (12288K), 3 survivors (3072K)
 Metaspace       used 53037K, committed 53632K, reserved 1114112K
  class space    used 7089K, committed 7360K, reserved 1048576K
GC Heap History (20 events):
Event: 3.879 GC heap before
{Heap before GC invocations=2 (full 0):
 garbage-first heap   total 63488K, used 33713K [0x00000000c3a00000, 0x0000000100000000)
  region size 1024K, 26 young (26624K), 1 survivors (1024K)
 Metaspace       used 12440K, committed 12736K, reserved 1114112K
  class space    used 1556K, committed 1664K, reserved 1048576K
}
Event: 3.885 GC heap after
{Heap after GC invocations=3 (full 0):
 garbage-first heap   total 63488K, used 11140K [0x00000000c3a00000, 0x0000000100000000)
  region size 1024K, 3 young (3072K), 3 survivors (3072K)
 Metaspace       used 12440K, committed 12736K, reserved 1114112K
  class space    used 1556K, committed 1664K, reserved 1048576K
}
Event: 5.631 GC heap before
{Heap before GC invocations=3 (full 0):
 garbage-first heap   total 63488K, used 42884K [0x00000000c3a00000, 0x0000000100000000)
  region size 1024K, 35 young (35840K), 3 survivors (3072K)
 Metaspace       used 20828K, committed 21248K, reserved 1114112K
  class space    used 2640K, committed 2816K, reserved 1048576K
}
Event: 5.640 GC heap after
{Heap after GC invocations=4 (full 0):
 garbage-first heap   total 63488K, used 13096K [0x00000000c3a00000, 0x0000000100000000)
  region size 1024K, 4 young (4096K), 4 survivors (4096K)
 Metaspace       used 20828K, committed 21248K, reserved 1114112K
  class space    used 2640K, committed 2816K, reserved 1048576K
}
Event: 5.851 GC heap before
{Heap before GC invocations=4 (full 0):
 garbage-first heap   total 63488K, used 15144K [0x00000000c3a00000, 0x0000000100000000)
  region size 1024K, 7 young (7168K), 4 survivors (4096K)
 Metaspace       used 21128K, committed 21504K, reserved 1114112K
  class space    used 2684K, committed 2880K, reserved 1048576K
}
Event: 5.856 GC heap after
{Heap after GC invocations=5 (full 0):
 garbage-first heap   total 63488K, used 13545K [0x00000000c3a00000, 0x0000000100000000)
  region size 1024K, 3 young (3072K), 3 survivors (3072K)
 Metaspace       used 21128K, committed 21504K, reserved 1114112K
  class space    used 2684K, committed 2880K, reserved 1048576K
}
Event: 8.166 GC heap before
{Heap before GC invocations=6 (full 0):
 garbage-first heap   total 51200K, used 41193K [0x00000000c3a00000, 0x0000000100000000)
  region size 1024K, 30 young (30720K), 3 survivors (3072K)
 Metaspace       used 24885K, committed 25280K, reserved 1114112K
  class space    used 3155K, committed 3328K, reserved 1048576K
}
Event: 8.175 GC heap after
{Heap after GC invocations=7 (full 0):
 garbage-first heap   total 51200K, used 15919K [0x00000000c3a00000, 0x0000000100000000)
  region size 1024K, 4 young (4096K), 4 survivors (4096K)
 Metaspace       used 24885K, committed 25280K, reserved 1114112K
  class space    used 3155K, committed 3328K, reserved 1048576K
}
Event: 9.641 GC heap before
{Heap before GC invocations=7 (full 0):
 garbage-first heap   total 51200K, used 40495K [0x00000000c3a00000, 0x0000000100000000)
  region size 1024K, 28 young (28672K), 4 survivors (4096K)
 Metaspace       used 28561K, committed 29056K, reserved 1114112K
  class space    used 3691K, committed 3904K, reserved 1048576K
}
Event: 9.658 GC heap after
{Heap after GC invocations=8 (full 0):
 garbage-first heap   total 51200K, used 18794K [0x00000000c3a00000, 0x0000000100000000)
  region size 1024K, 3 young (3072K), 3 survivors (3072K)
 Metaspace       used 28561K, committed 29056K, reserved 1114112K
  class space    used 3691K, committed 3904K, reserved 1048576K
}
Event: 10.814 GC heap before
{Heap before GC invocations=8 (full 0):
 garbage-first heap   total 51200K, used 40298K [0x00000000c3a00000, 0x0000000100000000)
  region size 1024K, 25 young (25600K), 3 survivors (3072K)
 Metaspace       used 34413K, committed 34880K, reserved 1114112K
  class space    used 4535K, committed 4736K, reserved 1048576K
}
Event: 10.822 GC heap after
{Heap after GC invocations=9 (full 0):
 garbage-first heap   total 51200K, used 20477K [0x00000000c3a00000, 0x0000000100000000)
  region size 1024K, 2 young (2048K), 2 survivors (2048K)
 Metaspace       used 34413K, committed 34880K, reserved 1114112K
  class space    used 4535K, committed 4736K, reserved 1048576K
}
Event: 11.267 GC heap before
{Heap before GC invocations=9 (full 0):
 garbage-first heap   total 51200K, used 24573K [0x00000000c3a00000, 0x0000000100000000)
  region size 1024K, 7 young (7168K), 2 survivors (2048K)
 Metaspace       used 35464K, committed 35968K, reserved 1114112K
  class space    used 4739K, committed 4992K, reserved 1048576K
}
Event: 11.271 GC heap after
{Heap after GC invocations=10 (full 0):
 garbage-first heap   total 51200K, used 20370K [0x00000000c3a00000, 0x0000000100000000)
  region size 1024K, 2 young (2048K), 2 survivors (2048K)
 Metaspace       used 35464K, committed 35968K, reserved 1114112K
  class space    used 4739K, committed 4992K, reserved 1048576K
}
Event: 13.336 GC heap before
{Heap before GC invocations=11 (full 0):
 garbage-first heap   total 51200K, used 41874K [0x00000000c3a00000, 0x0000000100000000)
  region size 1024K, 24 young (24576K), 2 survivors (2048K)
 Metaspace       used 42418K, committed 42944K, reserved 1114112K
  class space    used 5604K, committed 5824K, reserved 1048576K
}
Event: 13.349 GC heap after
{Heap after GC invocations=12 (full 0):
 garbage-first heap   total 51200K, used 22024K [0x00000000c3a00000, 0x0000000100000000)
  region size 1024K, 3 young (3072K), 3 survivors (3072K)
 Metaspace       used 42418K, committed 42944K, reserved 1114112K
  class space    used 5604K, committed 5824K, reserved 1048576K
}
Event: 14.633 GC heap before
{Heap before GC invocations=12 (full 0):
 garbage-first heap   total 51200K, used 43528K [0x00000000c3a00000, 0x0000000100000000)
  region size 1024K, 25 young (25600K), 3 survivors (3072K)
 Metaspace       used 48396K, committed 48896K, reserved 1114112K
  class space    used 6474K, committed 6720K, reserved 1048576K
}
Event: 14.645 GC heap after
{Heap after GC invocations=13 (full 0):
 garbage-first heap   total 51200K, used 23648K [0x00000000c3a00000, 0x0000000100000000)
  region size 1024K, 4 young (4096K), 4 survivors (4096K)
 Metaspace       used 48396K, committed 48896K, reserved 1114112K
  class space    used 6474K, committed 6720K, reserved 1048576K
}
Event: 15.671 GC heap before
{Heap before GC invocations=13 (full 0):
 garbage-first heap   total 51200K, used 43104K [0x00000000c3a00000, 0x0000000100000000)
  region size 1024K, 23 young (23552K), 4 survivors (4096K)
 Metaspace       used 51569K, committed 52096K, reserved 1114112K
  class space    used 6879K, committed 7104K, reserved 1048576K
}
Event: 15.683 GC heap after
{Heap after GC invocations=14 (full 0):
 garbage-first heap   total 51200K, used 25765K [0x00000000c3a00000, 0x0000000100000000)
  region size 1024K, 3 young (3072K), 3 survivors (3072K)
 Metaspace       used 51569K, committed 52096K, reserved 1114112K
  class space    used 6879K, committed 7104K, reserved 1048576K
}

